[13:35:55] [main/INFO] (FabricLoader/GameProvider) Loading Minecraft 1.19.2 with Fabric Loader 0.14.13
[13:35:55] [ForkJoinPool-1-worker-1/WARN] (FabricLoader/Metadata) The mod "openblocks" contains invalid entries in its mod json:
- Unsupported root entry "client" at line 24 column 11
[13:35:55] [main/INFO] (FabricLoader) Loading 47 mods:
	- fabric-api 0.73.0+1.19.2
	- fabric-api-base 0.4.14+6e0787e690
	- fabric-api-lookup-api-v1 1.6.13+93d8cb8290
	- fabric-biome-api-v1 9.1.0+82db024a90
	- fabric-block-api-v1 1.0.2+e415d50e90
	- fabric-blockrenderlayer-v1 1.1.23+c6af733c90
	- fabric-client-tags-api-v1 1.0.4+b35fea8390
	- fabric-command-api-v2 2.2.0+413cbbc790
	- fabric-content-registries-v0 3.5.0+7c6cd14d90
	- fabric-convention-tags-v1 1.2.1+27265b3490
	- fabric-crash-report-info-v1 0.2.8+aeb40ebe90
	- fabric-data-generation-api-v1 5.3.6+413cbbc790
	- fabric-dimensions-v1 2.1.34+0d0f210290
	- fabric-entity-events-v1 1.5.3+9244241690
	- fabric-events-interaction-v0 0.4.33+562bff6e90
	- fabric-game-rule-api-v1 1.0.24+b6b6abb490
	- fabric-gametest-api-v1 1.1.6+4d0d570390
	- fabric-item-api-v1 1.6.4+693ffc0590
	- fabric-item-groups-v0 0.3.37+9244241690
	- fabric-key-binding-api-v1 1.0.25+5c4fce2890
	- fabric-lifecycle-events-v1 2.2.3+1b46dc7890
	- fabric-loot-api-v2 1.1.11+83a8659290
	- fabric-message-api-v1 5.0.6+93d8cb8290
	- fabric-mining-level-api-v1 2.1.22+33fbc73890
	- fabric-models-v0 0.3.20+c6af733c90
	- fabric-networking-api-v1 1.2.10+10eb22f490
	- fabric-object-builder-api-v1 4.2.0+d8ef690890
	- fabric-particles-v1 1.0.13+4d0d570390
	- fabric-recipe-api-v1 1.0.0+413cbbc790
	- fabric-registry-sync-v0 0.9.31+9244241690
	- fabric-renderer-api-v1 1.2.0+2e5408b590
	- fabric-renderer-indigo 0.7.0+2e5408b590
	- fabric-rendering-data-attachment-v1 0.3.18+6e0787e690
	- fabric-rendering-fluids-v1 3.0.10+4d0d570390
	- fabric-rendering-v1 1.12.0+d8ef690890
	- fabric-resource-conditions-api-v1 2.1.2+aae9039d90
	- fabric-resource-loader-v0 0.8.3+251d254a90
	- fabric-screen-api-v1 1.0.31+4d0d570390
	- fabric-screen-handler-api-v1 1.3.6+1cc24b1b90
	- fabric-sound-api-v1 1.0.2+c4f28df590
	- fabric-textures-v0 1.0.23+aeb40ebe90
	- fabric-transfer-api-v1 2.1.5+413cbbc790
	- fabric-transitive-access-wideners-v1 1.3.3+08b73de490
	- fabricloader 0.14.13
	- java 17
	- minecraft 1.19.2
	- openblocks 0.0.2-1.19.X
[13:35:55] [main/INFO] (FabricLoader/Mixin) SpongePowered MIXIN Subsystem Version=0.8.5 Source=file:/home/farrucho/.gradle/caches/modules-2/files-2.1/net.fabricmc/sponge-mixin/0.11.4+mixin.0.8.5/c1dc27696aa4006e492c2485c9ccbcb26045a971/sponge-mixin-0.11.4+mixin.0.8.5.jar Service=Knot/Fabric Env=CLIENT
[13:35:55] [main/INFO] (FabricLoader/Mixin) Loaded Fabric development mappings for mixin remapper!
[13:35:55] [main/INFO] (FabricLoader/Mixin) Compatibility level set to JAVA_16
[13:35:55] [main/INFO] (FabricLoader/Mixin) Compatibility level set to JAVA_17
[13:35:59] [main/INFO] (Minecraft) Building optimized datafixer
[13:36:03] [Render thread/INFO] (Minecraft) Environment: authHost='https://authserver.mojang.com', accountsHost='https://api.mojang.com', sessionHost='https://sessionserver.mojang.com', servicesHost='https://api.minecraftservices.com', name='PROD'
[13:36:05] [Render thread/ERROR] (Minecraft) Failed to verify authentication
com.mojang.authlib.exceptions.InvalidCredentialsException: Status: 401
	at com.mojang.authlib.exceptions.MinecraftClientHttpException.toAuthenticationException(MinecraftClientHttpException.java:56) ~[authlib-3.11.49.jar:?]
	at com.mojang.authlib.yggdrasil.YggdrasilUserApiService.fetchProperties(YggdrasilUserApiService.java:155) ~[authlib-3.11.49.jar:?]
	at com.mojang.authlib.yggdrasil.YggdrasilUserApiService.<init>(YggdrasilUserApiService.java:55) ~[authlib-3.11.49.jar:?]
	at com.mojang.authlib.yggdrasil.YggdrasilAuthenticationService.createUserApiService(YggdrasilAuthenticationService.java:161) ~[authlib-3.11.49.jar:?]
	at net.minecraft.client.MinecraftClient.createUserApiService(MinecraftClient.java:711) [minecraft-project-@-merged-named.jar:?]
	at net.minecraft.client.MinecraftClient.<init>(MinecraftClient.java:431) [minecraft-project-@-merged-named.jar:?]
	at net.minecraft.client.main.Main.main(Main.java:205) [minecraft-project-@-merged-named.jar:?]
	at net.minecraft.client.main.Main.main(Main.java:51) [minecraft-project-@-merged-named.jar:?]
	at net.fabricmc.loader.impl.game.minecraft.MinecraftGameProvider.launch(MinecraftGameProvider.java:461) [fabric-loader-0.14.13.jar:?]
	at net.fabricmc.loader.impl.launch.knot.Knot.launch(Knot.java:74) [fabric-loader-0.14.13.jar:?]
	at net.fabricmc.loader.impl.launch.knot.KnotClient.main(KnotClient.java:23) [fabric-loader-0.14.13.jar:?]
	at net.fabricmc.devlaunchinjector.Main.main(Main.java:86) [dev-launch-injector-0.2.1+build.8.jar:?]
Caused by: com.mojang.authlib.exceptions.MinecraftClientHttpException: Status: 401
	at com.mojang.authlib.minecraft.client.MinecraftClient.readInputStream(MinecraftClient.java:87) ~[authlib-3.11.49.jar:?]
	at com.mojang.authlib.minecraft.client.MinecraftClient.get(MinecraftClient.java:48) ~[authlib-3.11.49.jar:?]
	at com.mojang.authlib.yggdrasil.YggdrasilUserApiService.fetchProperties(YggdrasilUserApiService.java:129) ~[authlib-3.11.49.jar:?]
	... 10 more
[13:36:05] [Render thread/INFO] (Minecraft) Setting user: Player53
[13:36:05] [Render thread/INFO] (Indigo) [Indigo] Registering Indigo renderer!
[13:36:06] [Render thread/INFO] (Minecraft) Backend library: LWJGL version 3.3.1 SNAPSHOT
[13:36:08] [Worker-Main-13/ERROR] (Minecraft) Failed to retrieve profile key pair
java.io.IOException: Could not retrieve profile key pair
	at net.minecraft.client.util.ProfileKeys.fetchKeyPair(ProfileKeys.java:130) ~[minecraft-project-@-merged-named.jar:?]
	at net.minecraft.client.util.ProfileKeys.method_44291(ProfileKeys.java:69) ~[minecraft-project-@-merged-named.jar:?]
	at java.util.concurrent.CompletableFuture$AsyncSupply.run(CompletableFuture.java:1768) [?:?]
	at java.util.concurrent.CompletableFuture$AsyncSupply.exec(CompletableFuture.java:1760) [?:?]
	at java.util.concurrent.ForkJoinTask.doExec(ForkJoinTask.java:373) [?:?]
	at java.util.concurrent.ForkJoinPool$WorkQueue.topLevelExec(ForkJoinPool.java:1182) [?:?]
	at java.util.concurrent.ForkJoinPool.scan(ForkJoinPool.java:1655) [?:?]
	at java.util.concurrent.ForkJoinPool.runWorker(ForkJoinPool.java:1622) [?:?]
	at java.util.concurrent.ForkJoinWorkerThread.run(ForkJoinWorkerThread.java:165) [?:?]
[13:36:08] [Render thread/WARN] (Minecraft) ERROR : Couldn't load Narrator library
java.lang.UnsatisfiedLinkError: libflite.so.1: cannot open shared object file: No such file or directory
	at com.sun.jna.Native.open(Native Method) ~[jna-5.10.0.jar:?]
	at com.sun.jna.NativeLibrary.loadLibrary(NativeLibrary.java:277) ~[jna-5.10.0.jar:?]
	at com.sun.jna.NativeLibrary.getInstance(NativeLibrary.java:461) ~[jna-5.10.0.jar:?]
	at com.sun.jna.NativeLibrary.getInstance(NativeLibrary.java:403) ~[jna-5.10.0.jar:?]
	at com.mojang.text2speech.NarratorLinux.<clinit>(NarratorLinux.java:18) [text2speech-1.13.9.jar:?]
	at com.mojang.text2speech.Narrator.getNarrator(Narrator.java:21) [text2speech-1.13.9.jar:?]
	at net.minecraft.client.util.NarratorManager.<init>(NarratorManager.java:19) [minecraft-project-@-merged-named.jar:?]
	at net.minecraft.client.MinecraftClient.<init>(MinecraftClient.java:637) [minecraft-project-@-merged-named.jar:?]
	at net.minecraft.client.main.Main.main(Main.java:205) [minecraft-project-@-merged-named.jar:?]
	at net.minecraft.client.main.Main.main(Main.java:51) [minecraft-project-@-merged-named.jar:?]
	at net.fabricmc.loader.impl.game.minecraft.MinecraftGameProvider.launch(MinecraftGameProvider.java:461) [fabric-loader-0.14.13.jar:?]
	at net.fabricmc.loader.impl.launch.knot.Knot.launch(Knot.java:74) [fabric-loader-0.14.13.jar:?]
	at net.fabricmc.loader.impl.launch.knot.KnotClient.main(KnotClient.java:23) [fabric-loader-0.14.13.jar:?]
	at net.fabricmc.devlaunchinjector.Main.main(Main.java:86) [dev-launch-injector-0.2.1+build.8.jar:?]
[13:36:08] [Render thread/INFO] (Minecraft) Reloading ResourceManager: Default, Fabric Mods (Fabric Convention Tags, Fabric API Base, Fabric Crash Report Info (v1), Fabric Object Builder API (v1), Fabric Client Tags, Fabric Events Interaction (v0), Fabric Renderer API (v1), Fabric BlockRenderLayer Registration (v1), Fabric Screen Handler API (v1), Fabric Entity Events (v1), Fabric Item API (v1), Fabric Models (v0), Fabric Game Test API (v1), Fabric Networking API (v1), Fabric Renderer - Indigo, Fabric Registry Sync (v0), Fabric Screen API (v1), Fabric Sound API (v1), Fabric Rendering Data Attachment (v1), Fabric Rendering (v1), Fabric Textures (v0), Fabric Key Binding API (v1), Fabric Block API (v1), Fabric Mining Level API (v1), Fabric Biome API (v1), Fabric Content Registries (v0), Fabric Resource Loader (v0), Fabric Rendering Fluids (v1), Open Block Elevator Mod, Fabric Recipe API (v1), Fabric Game Rule API (v1), Fabric Message API (v1), Fabric Loader, Fabric Transfer API (v1), Fabric API, Fabric Transitive Access Wideners (v1), Fabric API Lookup API (v1), Fabric Command API (v2), Fabric Resource Conditions API (v1), Fabric Dimensions API (v1), Fabric Item Groups (v0), Fabric Lifecycle Events (v1), Fabric Loot API (v2), Fabric Particles (v1), Fabric Data Generation API (v1))
[13:36:09] [Realms Notification Availability checker #1/INFO] (Minecraft) Could not authorize you against Realms server: Invalid session id
[13:36:10] [Worker-Main-18/WARN] (Minecraft) Exception loading blockstate definition: 'openblocks:blockstates/elevator_block.json' missing model for variant: 'openblocks:elevator_block#blocknum=69'
[13:36:10] [Worker-Main-18/WARN] (Minecraft) Exception loading blockstate definition: 'openblocks:blockstates/elevator_block.json' missing model for variant: 'openblocks:elevator_block#blocknum=68'
[13:36:10] [Worker-Main-18/WARN] (Minecraft) Exception loading blockstate definition: 'openblocks:blockstates/elevator_block.json' missing model for variant: 'openblocks:elevator_block#blocknum=70'
[13:36:11] [Render thread/WARN] (Minecraft) Missing sound for event: minecraft:item.goat_horn.play
[13:36:11] [Render thread/WARN] (Minecraft) Missing sound for event: minecraft:entity.goat.screaming.horn_break
[13:36:12] [Render thread/INFO] (Minecraft) OpenAL initialized on device JACK Default
[13:36:12] [Render thread/INFO] (Minecraft) Sound engine started
[13:36:12] [Render thread/INFO] (Minecraft) Created: 1024x1024x3 minecraft:textures/atlas/blocks.png-atlas
[13:36:12] [Render thread/INFO] (Minecraft) Created: 256x128x3 minecraft:textures/atlas/signs.png-atlas
[13:36:12] [Render thread/INFO] (Minecraft) Created: 1024x512x3 minecraft:textures/atlas/banner_patterns.png-atlas
[13:36:12] [Render thread/INFO] (Minecraft) Created: 1024x512x3 minecraft:textures/atlas/shield_patterns.png-atlas
[13:36:12] [Render thread/INFO] (Minecraft) Created: 256x256x3 minecraft:textures/atlas/chest.png-atlas
[13:36:12] [Render thread/INFO] (Minecraft) Created: 512x256x3 minecraft:textures/atlas/beds.png-atlas
[13:36:12] [Render thread/INFO] (Minecraft) Created: 512x256x3 minecraft:textures/atlas/shulker_boxes.png-atlas
[13:36:14] [Render thread/WARN] (Minecraft) Shader rendertype_entity_translucent_emissive could not find sampler named Sampler2 in the specified shader program.
[13:36:14] [Render thread/INFO] (Minecraft) Created: 512x256x0 minecraft:textures/atlas/particles.png-atlas
[13:36:14] [Render thread/INFO] (Minecraft) Created: 256x256x0 minecraft:textures/atlas/paintings.png-atlas
[13:36:14] [Render thread/INFO] (Minecraft) Created: 256x128x0 minecraft:textures/atlas/mob_effects.png-atlas
[13:36:27] [Worker-Bootstrap-6/INFO] (Minecraft) 4283 Datafixer optimizations took 27480 milliseconds
[13:37:39] [Render thread/INFO] (Minecraft) Stopping!
